<?xml version="1.0" encoding="UTF-8"?>
<!-- Generated by org.testng.reporters.JUnitXMLReporter -->
<testsuite ignored="1" hostname="Sandy" failures="0" tests="0" time="0.014" errors="0" timestamp="2023-03-27T17:08:36 IST">
  <testcase classname="com.crm.VTiger.TestCases.CreateAndDeleteAnOrganisationTest" name="createAndDeleteAnOrganisationTest" time="0.0">
    <ignored/>
  </testcase> <!-- createAndDeleteAnOrganisationTest -->
</testsuite>
