<?xml version="1.0" encoding="UTF-8"?>
<!-- Generated by org.testng.reporters.JUnitReportReporter -->
<testsuite hostname="Sandy" failures="0" tests="1" name="practice.Chromeoptionss" time="15.397" errors="0" timestamp="2023-04-04T12:20:12 IST" skipped="0">
  <testcase classname="practice.Chromeoptionss" name="chromeOptions" time="15.397"/>
  <system-out/>
</testsuite> <!-- practice.Chromeoptionss -->
