<?xml version="1.0" encoding="UTF-8"?>
<!-- Generated by org.testng.reporters.JUnitReportReporter -->
<testsuite hostname="Sandy" failures="0" tests="1" name="testAnnotations.InvocationCountt" time="14.037" errors="0" timestamp="2023-03-30T12:45:43 IST" skipped="0">
  <testcase classname="testAnnotations.InvocationCountt" name="creCon" time="14.037"/>
  <system-out/>
</testsuite> <!-- testAnnotations.InvocationCountt -->
