<?xml version="1.0" encoding="UTF-8"?>
<!-- Generated by org.testng.reporters.JUnitReportReporter -->
<testsuite hostname="Sandy" failures="0" tests="1" name="practice.PrintingAllLinktextPresentonWebPage" time="13.659" errors="0" timestamp="2023-03-30T11:22:21 IST" skipped="0">
  <testcase classname="practice.PrintingAllLinktextPresentonWebPage" name="printingAllLinktextPresentonWebPage" time="13.659"/>
  <system-out/>
</testsuite> <!-- practice.PrintingAllLinktextPresentonWebPage -->
