<?xml version="1.0" encoding="UTF-8"?>
<!-- Generated by org.testng.reporters.JUnitReportReporter -->
<testsuite hostname="Sandy" failures="0" tests="1" name="sampleScripts.AllLinks" time="47.094" errors="0" timestamp="2023-04-07T15:33:46 IST" skipped="0">
  <testcase classname="sampleScripts.AllLinks" name="allLinks" time="47.094"/>
  <system-out/>
</testsuite> <!-- sampleScripts.AllLinks -->
