<?xml version="1.0" encoding="UTF-8"?>
<!-- Generated by org.testng.reporters.JUnitReportReporter -->
<testsuite hostname="Sandy" failures="0" tests="1" name="com.crm.VTiger.TestCases.ValidateContactNameTest" time="36.558" errors="0" timestamp="2023-03-29T10:51:04 IST" skipped="0">
  <testcase classname="com.crm.VTiger.TestCases.ValidateContactNameTest" name="validateContactNameTest" time="36.558"/>
  <system-out>
    <![CDATA[validateContactNameTest------> Test Execution Started
validateContactNameTest------> TestScript Execution Successfull]]>
  </system-out>
</testsuite> <!-- com.crm.VTiger.TestCases.ValidateContactNameTest -->
