<?xml version="1.0" encoding="UTF-8"?>
<!-- Generated by org.testng.reporters.JUnitReportReporter -->
<testsuite hostname="Sandy" failures="0" tests="1" name="testAnnotations.PassParameter" time="0.011" errors="0" timestamp="2023-03-31T16:14:02 IST" skipped="0">
  <testcase classname="testAnnotations.PassParameter" name="runParameterTest" time="0.011"/>
  <system-out/>
</testsuite> <!-- testAnnotations.PassParameter -->
