<?xml version="1.0" encoding="UTF-8"?>
<!-- Generated by org.testng.reporters.JUnitReportReporter -->
<testsuite hostname="Sandy" failures="0" tests="1" name="com.crm.VTiger.TestCases.CreateContactWithOrganisationTest" time="39.563" errors="0" timestamp="2023-03-29T10:51:04 IST" skipped="0">
  <testcase classname="com.crm.VTiger.TestCases.CreateContactWithOrganisationTest" name="createContactWithOrganisationTest" time="39.563"/>
  <system-out>
    <![CDATA[createContactWithOrganisationTest------> Test Execution Started
createContactWithOrganisationTest------> TestScript Execution Successfull]]>
  </system-out>
</testsuite> <!-- com.crm.VTiger.TestCases.CreateContactWithOrganisationTest -->
