<?xml version="1.0" encoding="UTF-8"?>
<!-- Generated by org.testng.reporters.JUnitReportReporter -->
<testsuite hostname="Sandy" failures="0" tests="1" name="com.crm.VTiger.TestCases.CreateOrganisationTest" time="29.594" errors="0" timestamp="2023-03-29T10:51:04 IST" skipped="0">
  <testcase classname="com.crm.VTiger.TestCases.CreateOrganisationTest" name="createOrganisationTest" time="29.594"/>
  <system-out>
    <![CDATA[createOrganisationTest------> Test Execution Started
createOrganisationTest------> TestScript Execution Successfull]]>
  </system-out>
</testsuite> <!-- com.crm.VTiger.TestCases.CreateOrganisationTest -->
