<?xml version="1.0" encoding="UTF-8"?>
<!-- Generated by org.testng.reporters.JUnitReportReporter -->
<testsuite hostname="Sandy" failures="0" tests="1" name="practice.ClickonAllCheckBoxes" time="19.302" errors="0" timestamp="2023-03-30T11:38:47 IST" skipped="0">
  <testcase classname="practice.ClickonAllCheckBoxes" name="clickonAllCheckBoxes" time="19.302"/>
  <system-out/>
</testsuite> <!-- practice.ClickonAllCheckBoxes -->
