<?xml version="1.0" encoding="UTF-8"?>
<!-- Generated by org.testng.reporters.JUnitReportReporter -->
<testsuite hostname="Sandy" failures="0" tests="6" name="sampleScripts.SampleScript1" time="31.285" errors="0" timestamp="2023-03-27T15:34:12 IST" skipped="0">
  <testcase classname="sampleScripts.SampleScript1" name="createss1" time="5.075"/>
  <system-out/>
  <testcase classname="sampleScripts.SampleScript1" name="createss1" time="4.988"/>
  <system-out/>
  <testcase classname="sampleScripts.SampleScript1" name="createss1" time="5.437"/>
  <system-out/>
  <testcase classname="sampleScripts.SampleScript1" name="createss1" time="6.163"/>
  <system-out/>
  <testcase classname="sampleScripts.SampleScript1" name="modifyss2" time="4.759"/>
  <system-out/>
  <testcase classname="sampleScripts.SampleScript1" name="deletess3" time="4.863"/>
  <system-out/>
</testsuite> <!-- sampleScripts.SampleScript1 -->
