<?xml version="1.0" encoding="UTF-8"?>
<!-- Generated by org.testng.reporters.JUnitReportReporter -->
<testsuite hostname="Sandy" failures="0" tests="1" name="practice.Chromeoptionss" time="13.775" errors="0" timestamp="2023-04-07T12:49:28 IST" skipped="0">
  <testcase classname="practice.Chromeoptionss" name="chromeOptions" time="13.775"/>
  <system-out/>
</testsuite> <!-- practice.Chromeoptionss -->
